Build started 1/7/2016 2:52:33 PM.
     1>Project "C:\Users\v-ljianp\Downloads\foxitSDK-master\foxitSDK-master\foxitSDK\foxitSDK.vcxproj" on node 2 (Build target(s)).
     1>ClCompile:
         D:\software\VS2015\VC\bin\CL.exe /c /I"C:\Users\v-ljianp\Downloads\foxitSDK-master\foxitSDK-master\foxitSDK\\" /I"Generated Files\\" /IDebug\ /ZI /ZW /ZW:nostdlib /nologo /W3 /WX- /sdl /MP /Od /Oy- /D _WINRT_DLL /D _WINDLL /D _UNICODE /D UNICODE /D _DEBUG /D WINAPI_FAMILY=WINAPI_FAMILY_APP /D __WRL_NO_DEFAULT_LIB__ /Gm- /EHsc /RTC1 /MDd /GS /fp:precise /Zc:wchar_t /Zc:forScope /Zc:inline /Yu"pch.h" /Fp"Debug\pch.pch" /Fo"Debug\\" /Fd"Debug\vc140.pdb" /Gd /TP /wd28204 /FUD:\software\VS2015\VC\lib\store\references\platform.winmd /FU"C:\Program Files (x86)\Windows Kits\10\References\Windows.Foundation.FoundationContract\1.0.0.0\Windows.Foundation.FoundationContract.winmd" /FU"C:\Program Files (x86)\Windows Kits\10\References\Windows.Foundation.UniversalApiContract\1.0.0.0\Windows.Foundation.UniversalApiContract.winmd" /FU"C:\Program Files (x86)\Windows Kits\10\References\Windows.Networking.Connectivity.WwanContract\1.0.0.0\Windows.Networking.Connectivity.WwanContract.winmd" /analyze- /errorReport:prompt /bigobj SDKDemoCommon.cpp
         SDKDemoCommon.cpp
     1>c:\users\v-ljianp\downloads\foxitsdk-master\foxitsdk-master\foxitsdk\sdkdemocommon.cpp(404): warning C4101: 'textPageTemp': unreferenced local variable
     1>c:\users\v-ljianp\downloads\foxitsdk-master\foxitsdk-master\foxitsdk\sdkdemocommon.cpp(430): warning C4244: 'initializing': conversion from 'double' to 'int', possible loss of data
     1>c:\users\v-ljianp\downloads\foxitsdk-master\foxitsdk-master\foxitsdk\sdkdemocommon.cpp(431): warning C4244: '/=': conversion from 'FS_FLOAT' to 'int', possible loss of data
     1>c:\users\v-ljianp\downloads\foxitsdk-master\foxitsdk-master\foxitsdk\sdkdemocommon.cpp(432): warning C4244: 'initializing': conversion from 'double' to 'int', possible loss of data
     1>c:\users\v-ljianp\downloads\foxitsdk-master\foxitsdk-master\foxitsdk\sdkdemocommon.cpp(433): warning C4244: '/=': conversion from 'FS_FLOAT' to 'int', possible loss of data
     1>c:\users\v-ljianp\downloads\foxitsdk-master\foxitsdk-master\foxitsdk\sdkdemocommon.cpp(436): warning C4244: 'argument': conversion from 'int' to 'FS_FLOAT', possible loss of data
     1>c:\users\v-ljianp\downloads\foxitsdk-master\foxitsdk-master\foxitsdk\sdkdemocommon.cpp(463): warning C4244: '=': conversion from 'FS_FLOAT' to 'int', possible loss of data
     1>c:\users\v-ljianp\downloads\foxitsdk-master\foxitsdk-master\foxitsdk\sdkdemocommon.cpp(464): warning C4244: '=': conversion from 'FS_FLOAT' to 'int', possible loss of data
     1>c:\users\v-ljianp\downloads\foxitsdk-master\foxitsdk-master\foxitsdk\sdkdemocommon.cpp(465): warning C4244: '=': conversion from 'FS_FLOAT' to 'int', possible loss of data
     1>c:\users\v-ljianp\downloads\foxitsdk-master\foxitsdk-master\foxitsdk\sdkdemocommon.cpp(466): warning C4244: '=': conversion from 'FS_FLOAT' to 'int', possible loss of data
     1>c:\users\v-ljianp\downloads\foxitsdk-master\foxitsdk-master\foxitsdk\sdkdemocommon.cpp(541): warning C4244: 'initializing': conversion from 'FS_FLOAT' to 'int', possible loss of data
     1>c:\users\v-ljianp\downloads\foxitsdk-master\foxitsdk-master\foxitsdk\sdkdemocommon.cpp(542): warning C4244: 'initializing': conversion from 'FS_FLOAT' to 'int', possible loss of data
     1>c:\users\v-ljianp\downloads\foxitsdk-master\foxitsdk-master\foxitsdk\sdkdemocommon.cpp(543): warning C4244: 'argument': conversion from 'int' to 'float', possible loss of data
     1>c:\users\v-ljianp\downloads\foxitsdk-master\foxitsdk-master\foxitsdk\sdkdemocommon.cpp(526): warning C4101: 'rect': unreferenced local variable
     1>c:\users\v-ljianp\downloads\foxitsdk-master\foxitsdk-master\foxitsdk\sdkdemocommon.cpp(824): warning C4244: '=': conversion from 'float' to 'int', possible loss of data
     1>c:\users\v-ljianp\downloads\foxitsdk-master\foxitsdk-master\foxitsdk\sdkdemocommon.cpp(825): warning C4244: '/=': conversion from 'FS_FLOAT' to 'int', possible loss of data
     1>c:\users\v-ljianp\downloads\foxitsdk-master\foxitsdk-master\foxitsdk\sdkdemocommon.cpp(826): warning C4244: '=': conversion from 'float' to 'int', possible loss of data
     1>c:\users\v-ljianp\downloads\foxitsdk-master\foxitsdk-master\foxitsdk\sdkdemocommon.cpp(827): warning C4244: '/=': conversion from 'FS_FLOAT' to 'int', possible loss of data
     1>c:\users\v-ljianp\downloads\foxitsdk-master\foxitsdk-master\foxitsdk\sdkdemocommon.cpp(831): warning C4244: '=': conversion from 'float' to 'int', possible loss of data
     1>c:\users\v-ljianp\downloads\foxitsdk-master\foxitsdk-master\foxitsdk\sdkdemocommon.cpp(832): warning C4244: '=': conversion from 'float' to 'int', possible loss of data
     1>c:\users\v-ljianp\downloads\foxitsdk-master\foxitsdk-master\foxitsdk\sdkdemocommon.cpp(839): warning C4244: 'argument': conversion from 'int' to 'FS_FLOAT', possible loss of data
     1>c:\users\v-ljianp\downloads\foxitsdk-master\foxitsdk-master\foxitsdk\sdkdemocommon.cpp(907): warning C4018: '<': signed/unsigned mismatch
     1>c:\users\v-ljianp\downloads\foxitsdk-master\foxitsdk-master\foxitsdk\sdkdemocommon.cpp(1057): warning C4101: 'selectionRect': unreferenced local variable
     1>c:\users\v-ljianp\downloads\foxitsdk-master\foxitsdk-master\foxitsdk\sdkdemocommon.cpp(1132): warning C4101: 'selectionRect': unreferenced local variable
     1>c:\users\v-ljianp\downloads\foxitsdk-master\foxitsdk-master\foxitsdk\sdkdemocommon.cpp(1202): warning C4101: 'selectionRect': unreferenced local variable
     1>c:\users\v-ljianp\downloads\foxitsdk-master\foxitsdk-master\foxitsdk\sdkdemocommon.cpp(1261): warning C4101: 'selectionRect': unreferenced local variable
       Link:
         D:\software\VS2015\VC\bin\link.exe /ERRORREPORT:PROMPT /OUT:"C:\Users\v-ljianp\Downloads\foxitSDK-master\foxitSDK-master\Debug\foxitSDK\foxitSDK.dll" /INCREMENTAL /NOLOGO opencv_ml2410d.lib opencv_calib3d2410d.lib opencv_contrib2410d.lib opencv_core2410d.lib opencv_features2d2410d.lib opencv_flann2410d.lib opencv_gpu2410d.lib opencv_highgui2410d.lib opencv_imgproc2410d.lib opencv_legacy2410d.lib opencv_objdetect2410d.lib opencv_ts2410d.lib opencv_video2410d.lib opencv_nonfree2410d.lib opencv_ocl2410d.lib opencv_photo2410d.lib opencv_stitching2410d.lib opencv_superres2410d.lib opencv_videostab2410d.lib opencv_objdetect2410.lib opencv_ts2410.lib opencv_video2410.lib opencv_nonfree2410.lib opencv_ocl2410.lib opencv_photo2410.lib opencv_stitching2410.lib opencv_superres2410.lib opencv_videostab2410.lib opencv_calib3d2410.lib opencv_contrib2410.lib opencv_core2410.lib opencv_features2d2410.lib opencv_flann2410.lib opencv_gpu2410.lib opencv_highgui2410.lib opencv_imgproc2410.lib opencv_legacy2410.lib opencv_ml2410.lib WindowsApp.lib /MANIFEST:NO /DEBUG:FASTLINK /PDB:"C:\Users\v-ljianp\Downloads\foxitSDK-master\foxitSDK-master\Debug\foxitSDK\foxitSDK.pdb" /SUBSYSTEM:CONSOLE /TLBID:1 /APPCONTAINER /WINMD /WINMDFILE:"C:\Users\v-ljianp\Downloads\foxitSDK-master\foxitSDK-master\Debug\foxitSDK\foxitSDK.winmd" /DYNAMICBASE /NXCOMPAT /MACHINE:X86 /DLL Debug\pch.obj
         Debug\SDKDemoCommon.obj
         lib\fsdk_win10_x86.lib
         foxitSDK.vcxproj -> C:\Users\v-ljianp\Downloads\foxitSDK-master\foxitSDK-master\Debug\foxitSDK\foxitSDK.dll
     1>Done Building Project "C:\Users\v-ljianp\Downloads\foxitSDK-master\foxitSDK-master\foxitSDK\foxitSDK.vcxproj" (Build target(s)).

Build succeeded.

Time Elapsed 00:00:04.31
